This is pdfTeX, Version 3.141592653-2.6-1.40.23 (MiKTeX 21.8) (preloaded format=pdflatex 2021.10.4)  18 OCT 2021 22:56
entering extended mode
**"./es Gd.tex"
(es Gd.tex
LaTeX2e <2021-06-01> patch level 1
L3 programming layer <2021-08-27>
(C:\Users\mrmar\AppData\Local\Programs\MiKTeX 2.9\tex/latex/base\article.cls
Document Class: article 2021/02/12 v1.4n Standard LaTeX document class
(C:\Users\mrmar\AppData\Local\Programs\MiKTeX 2.9\tex/latex/base\size11.clo
File: size11.clo 2021/02/12 v1.4n Standard LaTeX file (size option)
)
\c@part=\count182
\c@section=\count183
\c@subsection=\count184
\c@subsubsection=\count185
\c@paragraph=\count186
\c@subparagraph=\count187
\c@figure=\count188
\c@table=\count189
\abovecaptionskip=\skip47
\belowcaptionskip=\skip48
\bibindent=\dimen138
)
(../preamble.tex
(C:\Users\mrmar\AppData\Local\Programs\MiKTeX 2.9\tex/latex/base\fontenc.sty
Package: fontenc 2021/04/29 v2.0v Standard LaTeX package
)
(C:\Users\mrmar\AppData\Local\Programs\MiKTeX 2.9\tex/latex/base\inputenc.sty
Package: inputenc 2021/02/14 v1.3d Input encoding file
\inpenc@prehook=\toks16
\inpenc@posthook=\toks17
)
(C:\Users\mrmar\AppData\Local\Programs\MiKTeX 2.9\tex/latex/tools\calc.sty
Package: calc 2017/05/25 v4.3 Infix arithmetic (KKT,FJ)
\calc@Acount=\count190
\calc@Bcount=\count191
\calc@Adimen=\dimen139
\calc@Bdimen=\dimen140
\calc@Askip=\skip49
\calc@Bskip=\skip50
LaTeX Info: Redefining \setlength on input line 80.
LaTeX Info: Redefining \addtolength on input line 81.
\calc@Ccount=\count192
\calc@Cskip=\skip51
)
(C:\Users\mrmar\AppData\Local\Programs\MiKTeX 2.9\tex/latex/amsmath\amsmath.sty
Package: amsmath 2021/04/20 v2.17j AMS math features
\@mathmargin=\skip52
For additional information on amsmath, use the `?' option.

(C:\Users\mrmar\AppData\Local\Programs\MiKTeX 2.9\tex/latex/amsmath\amstext.sty
Package: amstext 2000/06/29 v2.01 AMS text
(C:\Users\mrmar\AppData\Local\Programs\MiKTeX 2.9\tex/latex/amsmath\amsgen.sty
File: amsgen.sty 1999/11/30 v2.0 generic functions
\@emptytoks=\toks18
\ex@=\dimen141
))
(C:\Users\mrmar\AppData\Local\Programs\MiKTeX 2.9\tex/latex/amsmath\amsbsy.sty
Package: amsbsy 1999/11/29 v1.2d Bold Symbols
\pmbraise@=\dimen142
) (C:\Users\mrmar\AppData\Local\Programs\MiKTeX 2.9\tex/latex/amsmath\amsopn.st
y
Package: amsopn 2016/03/08 v2.02 operator names
)
\inf@bad=\count193
LaTeX Info: Redefining \frac on input line 234.
\uproot@=\count194
\leftroot@=\count195
LaTeX Info: Redefining \overline on input line 399.
\classnum@=\count196
\DOTSCASE@=\count197
LaTeX Info: Redefining \ldots on input line 496.
LaTeX Info: Redefining \dots on input line 499.
LaTeX Info: Redefining \cdots on input line 620.
\Mathstrutbox@=\box50
\strutbox@=\box51
\big@size=\dimen143
LaTeX Font Info:    Redeclaring font encoding OML on input line 743.
LaTeX Font Info:    Redeclaring font encoding OMS on input line 744.
\macc@depth=\count198
\c@MaxMatrixCols=\count199
\dotsspace@=\muskip16
\c@parentequation=\count266
\dspbrk@lvl=\count267
\tag@help=\toks19
\row@=\count268
\column@=\count269
\maxfields@=\count270
\andhelp@=\toks20
\eqnshift@=\dimen144
\alignsep@=\dimen145
\tagshift@=\dimen146
\tagwidth@=\dimen147
\totwidth@=\dimen148
\lineht@=\dimen149
\@envbody=\toks21
\multlinegap=\skip53
\multlinetaggap=\skip54
\mathdisplay@stack=\toks22
LaTeX Info: Redefining \[ on input line 2923.
LaTeX Info: Redefining \] on input line 2924.
)
(C:\Users\mrmar\AppData\Local\Programs\MiKTeX 2.9\tex/latex/amsfonts\amssymb.st
y
Package: amssymb 2013/01/14 v3.01 AMS font symbols

(C:\Users\mrmar\AppData\Local\Programs\MiKTeX 2.9\tex/latex/amsfonts\amsfonts.s
ty
Package: amsfonts 2013/01/14 v3.01 Basic AMSFonts support
\symAMSa=\mathgroup4
\symAMSb=\mathgroup5
LaTeX Font Info:    Redeclaring math symbol \hbar on input line 98.
LaTeX Font Info:    Overwriting math alphabet `\mathfrak' in version `bold'
(Font)                  U/euf/m/n --> U/euf/b/n on input line 106.
))
(C:\Users\mrmar\AppData\Local\Programs\MiKTeX 2.9\tex/latex/amscls\amsthm.sty
Package: amsthm 2020/05/29 v2.20.6
\thm@style=\toks23
\thm@bodyfont=\toks24
\thm@headfont=\toks25
\thm@notefont=\toks26
\thm@headpunct=\toks27
\thm@preskip=\skip55
\thm@postskip=\skip56
\thm@headsep=\skip57
\dth@everypar=\toks28
)
(C:\Users\mrmar\AppData\Local\Programs\MiKTeX 2.9\tex/latex/thmtools\thmtools.s
ty
Package: thmtools 2020/08/01 v0.72
\thmt@toks=\toks29
\c@thmt@dummyctr=\count271

(C:\Users\mrmar\AppData\Local\Programs\MiKTeX 2.9\tex/latex/thmtools\thm-patch.
sty
Package: thm-patch 2020/08/01 v0.72

(C:\Users\mrmar\AppData\Local\Programs\MiKTeX 2.9\tex/latex/thmtools\parseargs.
sty
Package: parseargs 2020/08/01 v0.72
\@parsespec=\toks30
))
(C:\Users\mrmar\AppData\Local\Programs\MiKTeX 2.9\tex/latex/thmtools\thm-kv.sty
Package: thm-kv 2020/08/01 v0.72
Package thm-kv Info: Theorem names will be uppercased on input line 42.

(C:\Users\mrmar\AppData\Local\Programs\MiKTeX 2.9\tex/latex/graphics\keyval.sty
Package: keyval 2014/10/28 v1.15 key=value parser (DPC)
\KV@toks@=\toks31
)
(C:\Users\mrmar\AppData\Local\Programs\MiKTeX 2.9\tex/generic/kvsetkeys\kvsetke
ys.sty
Package: kvsetkeys 2019/12/15 v1.18 Key value parser (HO)
)
Package thm-kv Info: kvsetkeys patch (v1.16 or later) on input line 158.
)
(C:\Users\mrmar\AppData\Local\Programs\MiKTeX 2.9\tex/latex/thmtools\thm-autore
f.sty
Package: thm-autoref 2020/08/01 v0.72

(C:\Users\mrmar\AppData\Local\Programs\MiKTeX 2.9\tex/latex/thmtools\aliasctr.s
ty
Package: aliasctr 2020/08/01 v0.72
))
(C:\Users\mrmar\AppData\Local\Programs\MiKTeX 2.9\tex/latex/thmtools\thm-listof
.sty
Package: thm-listof 2020/08/01 v0.72
)
(C:\Users\mrmar\AppData\Local\Programs\MiKTeX 2.9\tex/latex/thmtools\thm-restat
e.sty
Package: thm-restate 2020/08/01 v0.72
)
(C:\Users\mrmar\AppData\Local\Programs\MiKTeX 2.9\tex/latex/thmtools\thm-amsthm
.sty
Package: thm-amsthm 2020/08/01 v0.72
\thmt@style@headstyle=\toks32
))
(C:\Users\mrmar\AppData\Local\Programs\MiKTeX 2.9\tex/latex/mathtools\mathtools
.sty
Package: mathtools 2021/04/12 v1.27 mathematical typesetting tools

(C:\Users\mrmar\AppData\Local\Programs\MiKTeX 2.9\tex/latex/mathtools\mhsetup.s
ty
Package: mhsetup 2021/03/18 v1.4 programming setup (MH)
)
LaTeX Info: Thecontrolsequence`\('isalreadyrobust on input line 130.
LaTeX Info: Thecontrolsequence`\)'isalreadyrobust on input line 130.
LaTeX Info: Thecontrolsequence`\['isalreadyrobust on input line 130.
LaTeX Info: Thecontrolsequence`\]'isalreadyrobust on input line 130.
\g_MT_multlinerow_int=\count272
\l_MT_multwidth_dim=\dimen150
\origjot=\skip58
\l_MT_shortvdotswithinadjustabove_dim=\dimen151
\l_MT_shortvdotswithinadjustbelow_dim=\dimen152
\l_MT_above_intertext_sep=\dimen153
\l_MT_below_intertext_sep=\dimen154
\l_MT_above_shortintertext_sep=\dimen155
\l_MT_below_shortintertext_sep=\dimen156
\xmathstrut@box=\box52
\xmathstrut@dim=\dimen157
)
(C:\Users\mrmar\AppData\Local\Programs\MiKTeX 2.9\tex/latex/physics\physics.sty
Package: physics 

(C:\Users\mrmar\AppData\Local\Programs\MiKTeX 2.9\tex/latex/l3packages/xparse\x
parse.sty
(C:\Users\mrmar\AppData\Local\Programs\MiKTeX 2.9\tex/latex/l3kernel\expl3.sty
Package: expl3 2021-08-27 L3 programming layer (loader) 

(C:\Users\mrmar\AppData\Local\Programs\MiKTeX 2.9\tex/latex/l3backend\l3backend
-pdftex.def
File: l3backend-pdftex.def 2021-08-04 L3 backend support: PDF output (pdfTeX)
\l__color_backend_stack_int=\count273
\l__pdf_internal_box=\box53
))
Package: xparse 2021-08-27 L3 Experimental document command parser
))
(C:\Users\mrmar\AppData\Local\Programs\MiKTeX 2.9\tex/latex/hyperref\hyperref.s
ty
Package: hyperref 2021-06-07 v7.00m Hypertext links for LaTeX

(C:\Users\mrmar\AppData\Local\Programs\MiKTeX 2.9\tex/generic/ltxcmds\ltxcmds.s
ty
Package: ltxcmds 2020-05-10 v1.25 LaTeX kernel commands for general use (HO)
)
(C:\Users\mrmar\AppData\Local\Programs\MiKTeX 2.9\tex/generic/iftex\iftex.sty
Package: iftex 2020/03/06 v1.0d TeX engine tests
)
(C:\Users\mrmar\AppData\Local\Programs\MiKTeX 2.9\tex/generic/pdftexcmds\pdftex
cmds.sty
Package: pdftexcmds 2020-06-27 v0.33 Utility functions of pdfTeX for LuaTeX (HO
)

(C:\Users\mrmar\AppData\Local\Programs\MiKTeX 2.9\tex/generic/infwarerr\infware
rr.sty
Package: infwarerr 2019/12/03 v1.5 Providing info/warning/error messages (HO)
)
Package pdftexcmds Info: \pdf@primitive is available.
Package pdftexcmds Info: \pdf@ifprimitive is available.
Package pdftexcmds Info: \pdfdraftmode found.
)
(C:\Users\mrmar\AppData\Local\Programs\MiKTeX 2.9\tex/generic/kvdefinekeys\kvde
finekeys.sty
Package: kvdefinekeys 2019-12-19 v1.6 Define keys (HO)
)
(C:\Users\mrmar\AppData\Local\Programs\MiKTeX 2.9\tex/generic/pdfescape\pdfesca
pe.sty
Package: pdfescape 2019/12/09 v1.15 Implements pdfTeX's escape features (HO)
)
(C:\Users\mrmar\AppData\Local\Programs\MiKTeX 2.9\tex/latex/hycolor\hycolor.sty
Package: hycolor 2020-01-27 v1.10 Color options for hyperref/bookmark (HO)
)
(C:\Users\mrmar\AppData\Local\Programs\MiKTeX 2.9\tex/latex/letltxmacro\letltxm
acro.sty
Package: letltxmacro 2019/12/03 v1.6 Let assignment for LaTeX macros (HO)
)
(C:\Users\mrmar\AppData\Local\Programs\MiKTeX 2.9\tex/latex/auxhook\auxhook.sty
Package: auxhook 2019-12-17 v1.6 Hooks for auxiliary files (HO)
)
(C:\Users\mrmar\AppData\Local\Programs\MiKTeX 2.9\tex/latex/kvoptions\kvoptions
.sty
Package: kvoptions 2020-10-07 v3.14 Key value format for package options (HO)
)
\@linkdim=\dimen158
\Hy@linkcounter=\count274
\Hy@pagecounter=\count275

(C:\Users\mrmar\AppData\Local\Programs\MiKTeX 2.9\tex/latex/hyperref\pd1enc.def
File: pd1enc.def 2021-06-07 v7.00m Hyperref: PDFDocEncoding definition (HO)
Now handling font encoding PD1 ...
... no UTF-8 mapping file for font encoding PD1
)
(C:\Users\mrmar\AppData\Local\Programs\MiKTeX 2.9\tex/latex/hyperref\hyperref-l
angpatches.def
File: hyperref-langpatches.def 2021-06-07 v7.00m Hyperref: patches for babel la
nguages
)
(C:\Users\mrmar\AppData\Local\Programs\MiKTeX 2.9\tex/generic/intcalc\intcalc.s
ty
Package: intcalc 2019/12/15 v1.3 Expandable calculations with integers (HO)
)
(C:\Users\mrmar\AppData\Local\Programs\MiKTeX 2.9\tex/generic/etexcmds\etexcmds
.sty
Package: etexcmds 2019/12/15 v1.7 Avoid name clashes with e-TeX commands (HO)
)
\Hy@SavedSpaceFactor=\count276

(C:\Users\mrmar\AppData\Local\Programs\MiKTeX 2.9\tex/latex/hyperref\puenc.def
File: puenc.def 2021-06-07 v7.00m Hyperref: PDF Unicode definition (HO)
Now handling font encoding PU ...
... no UTF-8 mapping file for font encoding PU
)
Package hyperref Info: Hyper figures OFF on input line 4192.
Package hyperref Info: Link nesting OFF on input line 4197.
Package hyperref Info: Hyper index ON on input line 4200.
Package hyperref Info: Plain pages OFF on input line 4207.
Package hyperref Info: Backreferencing OFF on input line 4212.
Package hyperref Info: Implicit mode ON; LaTeX internals redefined.
Package hyperref Info: Bookmarks ON on input line 4445.
\c@Hy@tempcnt=\count277
(C:\Users\mrmar\AppData\Local\Programs\MiKTeX 2.9\tex/latex/url\url.sty
\Urlmuskip=\muskip17
Package: url 2013/09/16  ver 3.4  Verb mode for urls, etc.
)
LaTeX Info: Redefining \url on input line 4804.
\XeTeXLinkMargin=\dimen159

(C:\Users\mrmar\AppData\Local\Programs\MiKTeX 2.9\tex/generic/bitset\bitset.sty
Package: bitset 2019/12/09 v1.3 Handle bit-vector datatype (HO)

(C:\Users\mrmar\AppData\Local\Programs\MiKTeX 2.9\tex/generic/bigintcalc\bigint
calc.sty
Package: bigintcalc 2019/12/15 v1.5 Expandable calculations on big integers (HO
)
))
\Fld@menulength=\count278
\Field@Width=\dimen160
\Fld@charsize=\dimen161
Package hyperref Info: Hyper figures OFF on input line 6076.
Package hyperref Info: Link nesting OFF on input line 6081.
Package hyperref Info: Hyper index ON on input line 6084.
Package hyperref Info: backreferencing OFF on input line 6091.
Package hyperref Info: Link coloring OFF on input line 6096.
Package hyperref Info: Link coloring with OCG OFF on input line 6101.
Package hyperref Info: PDF/A mode OFF on input line 6106.
LaTeX Info: Redefining \ref on input line 6146.
LaTeX Info: Redefining \pageref on input line 6150.

(C:\Users\mrmar\AppData\Local\Programs\MiKTeX 2.9\tex/latex/base\atbegshi-ltx.s
ty
Package: atbegshi-ltx 2021/01/10 v1.0c Emulation of the original atbegshi
package with kernel methods
)
\Hy@abspage=\count279
\c@Item=\count280
\c@Hfootnote=\count281
)
Package hyperref Info: Driver (autodetected): hpdftex.

(C:\Users\mrmar\AppData\Local\Programs\MiKTeX 2.9\tex/latex/hyperref\hpdftex.de
f
File: hpdftex.def 2021-06-07 v7.00m Hyperref driver for pdfTeX

(C:\Users\mrmar\AppData\Local\Programs\MiKTeX 2.9\tex/latex/base\atveryend-ltx.
sty
Package: atveryend-ltx 2020/08/19 v1.0a Emulation of the original atvery packag
e
with kernel methods
)
\Fld@listcount=\count282
\c@bookmark@seq@number=\count283

(C:\Users\mrmar\AppData\Local\Programs\MiKTeX 2.9\tex/latex/rerunfilecheck\reru
nfilecheck.sty
Package: rerunfilecheck 2019/12/05 v1.9 Rerun checks for auxiliary files (HO)

(C:\Users\mrmar\AppData\Local\Programs\MiKTeX 2.9\tex/generic/uniquecounter\uni
quecounter.sty
Package: uniquecounter 2019/12/15 v1.4 Provide unlimited unique counter (HO)
)
Package uniquecounter Info: New unique counter `rerunfilecheck' on input line 2
86.
)
\Hy@SectionHShift=\skip59
)
(C:\Users\mrmar\AppData\Local\Programs\MiKTeX 2.9\tex/latex/cleveref\cleveref.s
ty
Package: cleveref 2018/03/27 v0.21.4 Intelligent cross-referencing
Package cleveref Info: `hyperref' support loaded on input line 2370.
LaTeX Info: Redefining \cref on input line 2370.
LaTeX Info: Redefining \Cref on input line 2370.
LaTeX Info: Redefining \crefrange on input line 2370.
LaTeX Info: Redefining \Crefrange on input line 2370.
LaTeX Info: Redefining \cpageref on input line 2370.
LaTeX Info: Redefining \Cpageref on input line 2370.
LaTeX Info: Redefining \cpagerefrange on input line 2370.
LaTeX Info: Redefining \Cpagerefrange on input line 2370.
LaTeX Info: Redefining \labelcref on input line 2370.
LaTeX Info: Redefining \labelcpageref on input line 2370.
Package cleveref Info: `amsthm' support loaded on input line 3026.
)
(C:\Users\mrmar\AppData\Local\Programs\MiKTeX 2.9\tex/latex/booktabs\booktabs.s
ty
Package: booktabs 2020/01/12 v1.61803398 Publication quality tables
\heavyrulewidth=\dimen162
\lightrulewidth=\dimen163
\cmidrulewidth=\dimen164
\belowrulesep=\dimen165
\belowbottomsep=\dimen166
\aboverulesep=\dimen167
\abovetopsep=\dimen168
\cmidrulesep=\dimen169
\cmidrulekern=\dimen170
\defaultaddspace=\dimen171
\@cmidla=\count284
\@cmidlb=\count285
\@aboverulesep=\dimen172
\@belowrulesep=\dimen173
\@thisruleclass=\count286
\@lastruleclass=\count287
\@thisrulewidth=\dimen174
)
(C:\Users\mrmar\AppData\Local\Programs\MiKTeX 2.9\tex/latex/tools\enumerate.sty
Package: enumerate 2015/07/23 v3.00 enumerate extensions (DPC)
\@enLab=\toks33
)
(C:\Users\mrmar\AppData\Local\Programs\MiKTeX 2.9\tex/latex/graphics\graphicx.s
ty
Package: graphicx 2020/12/05 v1.2c Enhanced LaTeX Graphics (DPC,SPQR)

(C:\Users\mrmar\AppData\Local\Programs\MiKTeX 2.9\tex/latex/graphics\graphics.s
ty
Package: graphics 2021/03/04 v1.4d Standard LaTeX Graphics (DPC,SPQR)

(C:\Users\mrmar\AppData\Local\Programs\MiKTeX 2.9\tex/latex/graphics\trig.sty
Package: trig 2016/01/03 v1.10 sin cos tan (DPC)
)
(C:\Users\mrmar\AppData\Local\Programs\MiKTeX 2.9\tex/latex/graphics-cfg\graphi
cs.cfg
File: graphics.cfg 2016/06/04 v1.11 sample graphics configuration
)
Package graphics Info: Driver file: pdftex.def on input line 107.

(C:\Users\mrmar\AppData\Local\Programs\MiKTeX 2.9\tex/latex/graphics-def\pdftex
.def
File: pdftex.def 2020/10/05 v1.2a Graphics/color driver for pdftex
))
\Gin@req@height=\dimen175
\Gin@req@width=\dimen176
)
(C:\Users\mrmar\AppData\Local\Programs\MiKTeX 2.9\tex/latex/caption\caption.sty
Package: caption 2020/10/26 v3.5g Customizing captions (AR)

(C:\Users\mrmar\AppData\Local\Programs\MiKTeX 2.9\tex/latex/caption\caption3.st
y
Package: caption3 2020/10/21 v2.2e caption3 kernel (AR)
\captionmargin=\dimen177
\captionmargin@=\dimen178
\captionwidth=\dimen179
\caption@tempdima=\dimen180
\caption@indent=\dimen181
\caption@parindent=\dimen182
\caption@hangindent=\dimen183
Package caption Info: Standard document class detected.
)
\c@caption@flags=\count288
\c@continuedfloat=\count289
Package caption Info: hyperref package is loaded.
)
(C:\Users\mrmar\AppData\Local\Programs\MiKTeX 2.9\tex/latex/caption\subcaption.
sty
Package: subcaption 2020/10/07 v1.3j Sub-captions (AR)
\c@subfigure=\count290
\c@subtable=\count291
)
(C:\Users\mrmar\AppData\Local\Programs\MiKTeX 2.9\tex/latex/geometry\geometry.s
ty
Package: geometry 2020/01/02 v5.9 Page Geometry

(C:\Users\mrmar\AppData\Local\Programs\MiKTeX 2.9\tex/generic/iftex\ifvtex.sty
Package: ifvtex 2019/10/25 v1.7 ifvtex legacy package. Use iftex instead.
)
\Gm@cnth=\count292
\Gm@cntv=\count293
\c@Gm@tempcnt=\count294
\Gm@bindingoffset=\dimen184
\Gm@wd@mp=\dimen185
\Gm@odd@mp=\dimen186
\Gm@even@mp=\dimen187
\Gm@layoutwidth=\dimen188
\Gm@layoutheight=\dimen189
\Gm@layouthoffset=\dimen190
\Gm@layoutvoffset=\dimen191
\Gm@dimlist=\toks34

(C:\Users\mrmar\AppData\Local\Programs\MiKTeX 2.9\tex/latex/geometry\geometry.c
fg))
(C:\Users\mrmar\AppData\Local\Programs\MiKTeX 2.9\tex/latex/float\float.sty
Package: float 2001/11/08 v1.3d Float enhancements (AL)
\c@float@type=\count295
\float@exts=\toks35
\float@box=\box54
\@float@everytoks=\toks36
\@floatcapt=\box55
)
(C:\Users\mrmar\AppData\Local\Programs\MiKTeX 2.9\tex/latex/mdframed\mdframed.s
ty
Package: mdframed 2013/07/01 1.9b: mdframed

(C:\Users\mrmar\AppData\Local\Programs\MiKTeX 2.9\tex/latex/etoolbox\etoolbox.s
ty
Package: etoolbox 2020/10/05 v2.5k e-TeX tools for LaTeX (JAW)
\etb@tempcnta=\count296
)
(C:\Users\mrmar\AppData\Local\Programs\MiKTeX 2.9\tex/latex/zref\zref-abspage.s
ty
Package: zref-abspage 2020-07-03 v2.32 Module abspage for zref (HO)

(C:\Users\mrmar\AppData\Local\Programs\MiKTeX 2.9\tex/latex/zref\zref-base.sty
Package: zref-base 2020-07-03 v2.32 Module base for zref (HO)
Package zref Info: New property list: main on input line 764.
Package zref Info: New property: default on input line 765.
Package zref Info: New property: page on input line 766.
)
\c@abspage=\count297
Package zref Info: New property: abspage on input line 66.
)
(C:\Users\mrmar\AppData\Local\Programs\MiKTeX 2.9\tex/latex/needspace\needspace
.sty
Package: needspace 2010/09/12 v1.3d reserve vertical space
)
(C:\Users\mrmar\AppData\Local\Programs\MiKTeX 2.9\tex/latex/graphics\color.sty
Package: color 2020/02/24 v1.2b Standard LaTeX Color (DPC)

(C:\Users\mrmar\AppData\Local\Programs\MiKTeX 2.9\tex/latex/graphics-cfg\color.
cfg
File: color.cfg 2016/01/02 v1.6 sample color configuration
)
Package color Info: Driver file: pdftex.def on input line 149.
)
\mdf@templength=\skip60
\c@mdf@globalstyle@cnt=\count298
\mdf@skipabove@length=\skip61
\mdf@skipbelow@length=\skip62
\mdf@leftmargin@length=\skip63
\mdf@rightmargin@length=\skip64
\mdf@innerleftmargin@length=\skip65
\mdf@innerrightmargin@length=\skip66
\mdf@innertopmargin@length=\skip67
\mdf@innerbottommargin@length=\skip68
\mdf@splittopskip@length=\skip69
\mdf@splitbottomskip@length=\skip70
\mdf@outermargin@length=\skip71
\mdf@innermargin@length=\skip72
\mdf@linewidth@length=\skip73
\mdf@innerlinewidth@length=\skip74
\mdf@middlelinewidth@length=\skip75
\mdf@outerlinewidth@length=\skip76
\mdf@roundcorner@length=\skip77
\mdf@footenotedistance@length=\skip78
\mdf@userdefinedwidth@length=\skip79
\mdf@needspace@length=\skip80
\mdf@frametitleaboveskip@length=\skip81
\mdf@frametitlebelowskip@length=\skip82
\mdf@frametitlerulewidth@length=\skip83
\mdf@frametitleleftmargin@length=\skip84
\mdf@frametitlerightmargin@length=\skip85
\mdf@shadowsize@length=\skip86
\mdf@extratopheight@length=\skip87
\mdf@subtitleabovelinewidth@length=\skip88
\mdf@subtitlebelowlinewidth@length=\skip89
\mdf@subtitleaboveskip@length=\skip90
\mdf@subtitlebelowskip@length=\skip91
\mdf@subtitleinneraboveskip@length=\skip92
\mdf@subtitleinnerbelowskip@length=\skip93
\mdf@subsubtitleabovelinewidth@length=\skip94
\mdf@subsubtitlebelowlinewidth@length=\skip95
\mdf@subsubtitleaboveskip@length=\skip96
\mdf@subsubtitlebelowskip@length=\skip97
\mdf@subsubtitleinneraboveskip@length=\skip98
\mdf@subsubtitleinnerbelowskip@length=\skip99

(C:\Users\mrmar\AppData\Local\Programs\MiKTeX 2.9\tex/latex/mdframed\md-frame-0
.mdf
File: md-frame-0.mdf 2013/07/01\ 1.9b: md-frame-0
)
\mdf@frametitlebox=\box56
\mdf@footnotebox=\box57
\mdf@splitbox@one=\box58
\mdf@splitbox@two=\box59
\mdf@splitbox@save=\box60
\mdfsplitboxwidth=\skip100
\mdfsplitboxtotalwidth=\skip101
\mdfsplitboxheight=\skip102
\mdfsplitboxdepth=\skip103
\mdfsplitboxtotalheight=\skip104
\mdfframetitleboxwidth=\skip105
\mdfframetitleboxtotalwidth=\skip106
\mdfframetitleboxheight=\skip107
\mdfframetitleboxdepth=\skip108
\mdfframetitleboxtotalheight=\skip109
\mdffootnoteboxwidth=\skip110
\mdffootnoteboxtotalwidth=\skip111
\mdffootnoteboxheight=\skip112
\mdffootnoteboxdepth=\skip113
\mdffootnoteboxtotalheight=\skip114
\mdftotallinewidth=\skip115
\mdfboundingboxwidth=\skip116
\mdfboundingboxtotalwidth=\skip117
\mdfboundingboxheight=\skip118
\mdfboundingboxdepth=\skip119
\mdfboundingboxtotalheight=\skip120
\mdf@freevspace@length=\skip121
\mdf@horizontalwidthofbox@length=\skip122
\mdf@verticalmarginwhole@length=\skip123
\mdf@horizontalspaceofbox=\skip124
\mdfsubtitleheight=\skip125
\mdfsubsubtitleheight=\skip126
\c@mdfcountframes=\count299

****** mdframed patching \endmdf@trivlist

****** -- success******

\mdf@envdepth=\count300
\c@mdf@env@i=\count301
\c@mdf@env@ii=\count302
\c@mdf@zref@counter=\count303
Package zref Info: New property: mdf@pagevalue on input line 895.
)
(C:\Users\mrmar\AppData\Local\Programs\MiKTeX 2.9\tex/latex/xcolor\xcolor.sty
Package: xcolor 2016/05/11 v2.12 LaTeX color extensions (UK)

(C:\Users\mrmar\AppData\Local\Programs\MiKTeX 2.9\tex/latex/graphics-cfg\color.
cfg
File: color.cfg 2016/01/02 v1.6 sample color configuration
)
Package xcolor Info: Driver file: pdftex.def on input line 225.
LaTeX Info: Redefining \color on input line 709.
Package xcolor Info: Model `cmy' substituted by `cmy0' on input line 1348.
Package xcolor Info: Model `hsb' substituted by `rgb' on input line 1352.
Package xcolor Info: Model `RGB' extended on input line 1364.
Package xcolor Info: Model `HTML' substituted by `rgb' on input line 1366.
Package xcolor Info: Model `Hsb' substituted by `hsb' on input line 1367.
Package xcolor Info: Model `tHsb' substituted by `hsb' on input line 1368.
Package xcolor Info: Model `HSB' substituted by `hsb' on input line 1369.
Package xcolor Info: Model `Gray' substituted by `gray' on input line 1370.
Package xcolor Info: Model `wave' substituted by `hsb' on input line 1371.
)
(C:\Users\mrmar\AppData\Local\Programs\MiKTeX 2.9\tex/generic/babel\babel.sty
Package: babel 2021/07/22 3.63 The Babel package

(C:\Users\mrmar\AppData\Local\Programs\MiKTeX 2.9\tex/generic/babel\babel.def
File: babel.def 2021/07/22 3.63 Babel common definitions
\babel@savecnt=\count304
\U@D=\dimen192
\l@unhyphenated=\language83

(C:\Users\mrmar\AppData\Local\Programs\MiKTeX 2.9\tex/generic/babel\txtbabel.de
f)
\bbl@readstream=\read2
)
\bbl@dirlevel=\count305

*************************************
* Local config file bblopts.cfg used
*
(C:\Users\mrmar\AppData\Local\Programs\MiKTeX 2.9\tex/latex/arabi\bblopts.cfg
File: bblopts.cfg 2005/09/08 v0.1 add Arabic and Farsi to "declared" options of
 babel
)
(C:\Users\mrmar\AppData\Local\Programs\MiKTeX 2.9\tex/latex/babel-italian\itali
an.ldf
Language: italian 2020/05/21 v.1.4.04 Italian support for the babel system
\it@lettering=\count306
\it@doublequoteactive=\count307
\it@ISOcompliance=\count308
))
(C:\Users\mrmar\AppData\Local\Programs\MiKTeX 2.9\tex/latex/pgfplots\pgfplots.s
ty
(C:\Users\mrmar\AppData\Local\Programs\MiKTeX 2.9\tex/generic/pgfplots\pgfplots
.revision.tex)
Package: pgfplots 2021/05/15 v1.18.1 Data Visualization (1.18.1)

(C:\Users\mrmar\AppData\Local\Programs\MiKTeX 2.9\tex/latex/pgf/frontendlayer\t
ikz.sty
(C:\Users\mrmar\AppData\Local\Programs\MiKTeX 2.9\tex/latex/pgf/basiclayer\pgf.
sty
(C:\Users\mrmar\AppData\Local\Programs\MiKTeX 2.9\tex/latex/pgf/utilities\pgfrc
s.sty
(C:\Users\mrmar\AppData\Local\Programs\MiKTeX 2.9\tex/generic/pgf/utilities\pgf
util-common.tex
\pgfutil@everybye=\toks37
\pgfutil@tempdima=\dimen193
\pgfutil@tempdimb=\dimen194

(C:\Users\mrmar\AppData\Local\Programs\MiKTeX 2.9\tex/generic/pgf/utilities\pgf
util-common-lists.tex))
(C:\Users\mrmar\AppData\Local\Programs\MiKTeX 2.9\tex/generic/pgf/utilities\pgf
util-latex.def
\pgfutil@abb=\box61
)
(C:\Users\mrmar\AppData\Local\Programs\MiKTeX 2.9\tex/generic/pgf/utilities\pgf
rcs.code.tex
(C:\Users\mrmar\AppData\Local\Programs\MiKTeX 2.9\tex/generic/pgf\pgf.revision.
tex)
Package: pgfrcs 2021/05/15 v3.1.9a (3.1.9a)
))
Package: pgf 2021/05/15 v3.1.9a (3.1.9a)

(C:\Users\mrmar\AppData\Local\Programs\MiKTeX 2.9\tex/latex/pgf/basiclayer\pgfc
ore.sty
(C:\Users\mrmar\AppData\Local\Programs\MiKTeX 2.9\tex/latex/pgf/systemlayer\pgf
sys.sty
(C:\Users\mrmar\AppData\Local\Programs\MiKTeX 2.9\tex/generic/pgf/systemlayer\p
gfsys.code.tex
Package: pgfsys 2021/05/15 v3.1.9a (3.1.9a)

(C:\Users\mrmar\AppData\Local\Programs\MiKTeX 2.9\tex/generic/pgf/utilities\pgf
keys.code.tex
\pgfkeys@pathtoks=\toks38
\pgfkeys@temptoks=\toks39

(C:\Users\mrmar\AppData\Local\Programs\MiKTeX 2.9\tex/generic/pgf/utilities\pgf
keysfiltered.code.tex
\pgfkeys@tmptoks=\toks40
))
\pgf@x=\dimen195
\pgf@y=\dimen196
\pgf@xa=\dimen197
\pgf@ya=\dimen198
\pgf@xb=\dimen199
\pgf@yb=\dimen256
\pgf@xc=\dimen257
\pgf@yc=\dimen258
\pgf@xd=\dimen259
\pgf@yd=\dimen260
\w@pgf@writea=\write3
\r@pgf@reada=\read3
\c@pgf@counta=\count309
\c@pgf@countb=\count310
\c@pgf@countc=\count311
\c@pgf@countd=\count312
\t@pgf@toka=\toks41
\t@pgf@tokb=\toks42
\t@pgf@tokc=\toks43
\pgf@sys@id@count=\count313

(C:\Users\mrmar\AppData\Local\Programs\MiKTeX 2.9\tex/generic/pgf/systemlayer\p
gf.cfg
File: pgf.cfg 2021/05/15 v3.1.9a (3.1.9a)
)
Driver file for pgf: pgfsys-pdftex.def

(C:\Users\mrmar\AppData\Local\Programs\MiKTeX 2.9\tex/generic/pgf/systemlayer\p
gfsys-pdftex.def
File: pgfsys-pdftex.def 2021/05/15 v3.1.9a (3.1.9a)

(C:\Users\mrmar\AppData\Local\Programs\MiKTeX 2.9\tex/generic/pgf/systemlayer\p
gfsys-common-pdf.def
File: pgfsys-common-pdf.def 2021/05/15 v3.1.9a (3.1.9a)
)))
(C:\Users\mrmar\AppData\Local\Programs\MiKTeX 2.9\tex/generic/pgf/systemlayer\p
gfsyssoftpath.code.tex
File: pgfsyssoftpath.code.tex 2021/05/15 v3.1.9a (3.1.9a)
\pgfsyssoftpath@smallbuffer@items=\count314
\pgfsyssoftpath@bigbuffer@items=\count315
)
(C:\Users\mrmar\AppData\Local\Programs\MiKTeX 2.9\tex/generic/pgf/systemlayer\p
gfsysprotocol.code.tex
File: pgfsysprotocol.code.tex 2021/05/15 v3.1.9a (3.1.9a)
))
(C:\Users\mrmar\AppData\Local\Programs\MiKTeX 2.9\tex/generic/pgf/basiclayer\pg
fcore.code.tex
Package: pgfcore 2021/05/15 v3.1.9a (3.1.9a)

(C:\Users\mrmar\AppData\Local\Programs\MiKTeX 2.9\tex/generic/pgf/math\pgfmath.
code.tex
(C:\Users\mrmar\AppData\Local\Programs\MiKTeX 2.9\tex/generic/pgf/math\pgfmathc
alc.code.tex
(C:\Users\mrmar\AppData\Local\Programs\MiKTeX 2.9\tex/generic/pgf/math\pgfmathu
til.code.tex)
(C:\Users\mrmar\AppData\Local\Programs\MiKTeX 2.9\tex/generic/pgf/math\pgfmathp
arser.code.tex
\pgfmath@dimen=\dimen261
\pgfmath@count=\count316
\pgfmath@box=\box62
\pgfmath@toks=\toks44
\pgfmath@stack@operand=\toks45
\pgfmath@stack@operation=\toks46
)
(C:\Users\mrmar\AppData\Local\Programs\MiKTeX 2.9\tex/generic/pgf/math\pgfmathf
unctions.code.tex
(C:\Users\mrmar\AppData\Local\Programs\MiKTeX 2.9\tex/generic/pgf/math\pgfmathf
unctions.basic.code.tex)
(C:\Users\mrmar\AppData\Local\Programs\MiKTeX 2.9\tex/generic/pgf/math\pgfmathf
unctions.trigonometric.code.tex)
(C:\Users\mrmar\AppData\Local\Programs\MiKTeX 2.9\tex/generic/pgf/math\pgfmathf
unctions.random.code.tex)
(C:\Users\mrmar\AppData\Local\Programs\MiKTeX 2.9\tex/generic/pgf/math\pgfmathf
unctions.comparison.code.tex)
(C:\Users\mrmar\AppData\Local\Programs\MiKTeX 2.9\tex/generic/pgf/math\pgfmathf
unctions.base.code.tex)
(C:\Users\mrmar\AppData\Local\Programs\MiKTeX 2.9\tex/generic/pgf/math\pgfmathf
unctions.round.code.tex)
(C:\Users\mrmar\AppData\Local\Programs\MiKTeX 2.9\tex/generic/pgf/math\pgfmathf
unctions.misc.code.tex)
(C:\Users\mrmar\AppData\Local\Programs\MiKTeX 2.9\tex/generic/pgf/math\pgfmathf
unctions.integerarithmetics.code.tex)))
(C:\Users\mrmar\AppData\Local\Programs\MiKTeX 2.9\tex/generic/pgf/math\pgfmathf
loat.code.tex
\c@pgfmathroundto@lastzeros=\count317
))
(C:\Users\mrmar\AppData\Local\Programs\MiKTeX 2.9\tex/generic/pgf/math\pgfint.c
ode.tex)
(C:\Users\mrmar\AppData\Local\Programs\MiKTeX 2.9\tex/generic/pgf/basiclayer\pg
fcorepoints.code.tex
File: pgfcorepoints.code.tex 2021/05/15 v3.1.9a (3.1.9a)
\pgf@picminx=\dimen262
\pgf@picmaxx=\dimen263
\pgf@picminy=\dimen264
\pgf@picmaxy=\dimen265
\pgf@pathminx=\dimen266
\pgf@pathmaxx=\dimen267
\pgf@pathminy=\dimen268
\pgf@pathmaxy=\dimen269
\pgf@xx=\dimen270
\pgf@xy=\dimen271
\pgf@yx=\dimen272
\pgf@yy=\dimen273
\pgf@zx=\dimen274
\pgf@zy=\dimen275
)
(C:\Users\mrmar\AppData\Local\Programs\MiKTeX 2.9\tex/generic/pgf/basiclayer\pg
fcorepathconstruct.code.tex
File: pgfcorepathconstruct.code.tex 2021/05/15 v3.1.9a (3.1.9a)
\pgf@path@lastx=\dimen276
\pgf@path@lasty=\dimen277
)
(C:\Users\mrmar\AppData\Local\Programs\MiKTeX 2.9\tex/generic/pgf/basiclayer\pg
fcorepathusage.code.tex
File: pgfcorepathusage.code.tex 2021/05/15 v3.1.9a (3.1.9a)
\pgf@shorten@end@additional=\dimen278
\pgf@shorten@start@additional=\dimen279
)
(C:\Users\mrmar\AppData\Local\Programs\MiKTeX 2.9\tex/generic/pgf/basiclayer\pg
fcorescopes.code.tex
File: pgfcorescopes.code.tex 2021/05/15 v3.1.9a (3.1.9a)
\pgfpic=\box63
\pgf@hbox=\box64
\pgf@layerbox@main=\box65
\pgf@picture@serial@count=\count318
)
(C:\Users\mrmar\AppData\Local\Programs\MiKTeX 2.9\tex/generic/pgf/basiclayer\pg
fcoregraphicstate.code.tex
File: pgfcoregraphicstate.code.tex 2021/05/15 v3.1.9a (3.1.9a)
\pgflinewidth=\dimen280
)
(C:\Users\mrmar\AppData\Local\Programs\MiKTeX 2.9\tex/generic/pgf/basiclayer\pg
fcoretransformations.code.tex
File: pgfcoretransformations.code.tex 2021/05/15 v3.1.9a (3.1.9a)
\pgf@pt@x=\dimen281
\pgf@pt@y=\dimen282
\pgf@pt@temp=\dimen283
)
(C:\Users\mrmar\AppData\Local\Programs\MiKTeX 2.9\tex/generic/pgf/basiclayer\pg
fcorequick.code.tex
File: pgfcorequick.code.tex 2021/05/15 v3.1.9a (3.1.9a)
)
(C:\Users\mrmar\AppData\Local\Programs\MiKTeX 2.9\tex/generic/pgf/basiclayer\pg
fcoreobjects.code.tex
File: pgfcoreobjects.code.tex 2021/05/15 v3.1.9a (3.1.9a)
)
(C:\Users\mrmar\AppData\Local\Programs\MiKTeX 2.9\tex/generic/pgf/basiclayer\pg
fcorepathprocessing.code.tex
File: pgfcorepathprocessing.code.tex 2021/05/15 v3.1.9a (3.1.9a)
)
(C:\Users\mrmar\AppData\Local\Programs\MiKTeX 2.9\tex/generic/pgf/basiclayer\pg
fcorearrows.code.tex
File: pgfcorearrows.code.tex 2021/05/15 v3.1.9a (3.1.9a)
\pgfarrowsep=\dimen284
)
(C:\Users\mrmar\AppData\Local\Programs\MiKTeX 2.9\tex/generic/pgf/basiclayer\pg
fcoreshade.code.tex
File: pgfcoreshade.code.tex 2021/05/15 v3.1.9a (3.1.9a)
\pgf@max=\dimen285
\pgf@sys@shading@range@num=\count319
\pgf@shadingcount=\count320
)
(C:\Users\mrmar\AppData\Local\Programs\MiKTeX 2.9\tex/generic/pgf/basiclayer\pg
fcoreimage.code.tex
File: pgfcoreimage.code.tex 2021/05/15 v3.1.9a (3.1.9a)

(C:\Users\mrmar\AppData\Local\Programs\MiKTeX 2.9\tex/generic/pgf/basiclayer\pg
fcoreexternal.code.tex
File: pgfcoreexternal.code.tex 2021/05/15 v3.1.9a (3.1.9a)
\pgfexternal@startupbox=\box66
))
(C:\Users\mrmar\AppData\Local\Programs\MiKTeX 2.9\tex/generic/pgf/basiclayer\pg
fcorelayers.code.tex
File: pgfcorelayers.code.tex 2021/05/15 v3.1.9a (3.1.9a)
)
(C:\Users\mrmar\AppData\Local\Programs\MiKTeX 2.9\tex/generic/pgf/basiclayer\pg
fcoretransparency.code.tex
File: pgfcoretransparency.code.tex 2021/05/15 v3.1.9a (3.1.9a)
)
(C:\Users\mrmar\AppData\Local\Programs\MiKTeX 2.9\tex/generic/pgf/basiclayer\pg
fcorepatterns.code.tex
File: pgfcorepatterns.code.tex 2021/05/15 v3.1.9a (3.1.9a)
)
(C:\Users\mrmar\AppData\Local\Programs\MiKTeX 2.9\tex/generic/pgf/basiclayer\pg
fcorerdf.code.tex
File: pgfcorerdf.code.tex 2021/05/15 v3.1.9a (3.1.9a)
)))
(C:\Users\mrmar\AppData\Local\Programs\MiKTeX 2.9\tex/generic/pgf/modules\pgfmo
duleshapes.code.tex
File: pgfmoduleshapes.code.tex 2021/05/15 v3.1.9a (3.1.9a)
\pgfnodeparttextbox=\box67
)
(C:\Users\mrmar\AppData\Local\Programs\MiKTeX 2.9\tex/generic/pgf/modules\pgfmo
duleplot.code.tex
File: pgfmoduleplot.code.tex 2021/05/15 v3.1.9a (3.1.9a)
)
(C:\Users\mrmar\AppData\Local\Programs\MiKTeX 2.9\tex/latex/pgf/compatibility\p
gfcomp-version-0-65.sty
Package: pgfcomp-version-0-65 2021/05/15 v3.1.9a (3.1.9a)
\pgf@nodesepstart=\dimen286
\pgf@nodesepend=\dimen287
)
(C:\Users\mrmar\AppData\Local\Programs\MiKTeX 2.9\tex/latex/pgf/compatibility\p
gfcomp-version-1-18.sty
Package: pgfcomp-version-1-18 2021/05/15 v3.1.9a (3.1.9a)
))
(C:\Users\mrmar\AppData\Local\Programs\MiKTeX 2.9\tex/latex/pgf/utilities\pgffo
r.sty
(C:\Users\mrmar\AppData\Local\Programs\MiKTeX 2.9\tex/latex/pgf/utilities\pgfke
ys.sty
(C:\Users\mrmar\AppData\Local\Programs\MiKTeX 2.9\tex/generic/pgf/utilities\pgf
keys.code.tex))
(C:\Users\mrmar\AppData\Local\Programs\MiKTeX 2.9\tex/latex/pgf/math\pgfmath.st
y
(C:\Users\mrmar\AppData\Local\Programs\MiKTeX 2.9\tex/generic/pgf/math\pgfmath.
code.tex))
(C:\Users\mrmar\AppData\Local\Programs\MiKTeX 2.9\tex/generic/pgf/utilities\pgf
for.code.tex
Package: pgffor 2021/05/15 v3.1.9a (3.1.9a)

(C:\Users\mrmar\AppData\Local\Programs\MiKTeX 2.9\tex/generic/pgf/math\pgfmath.
code.tex)
\pgffor@iter=\dimen288
\pgffor@skip=\dimen289
\pgffor@stack=\toks47
\pgffor@toks=\toks48
))
(C:\Users\mrmar\AppData\Local\Programs\MiKTeX 2.9\tex/generic/pgf/frontendlayer
/tikz\tikz.code.tex
Package: tikz 2021/05/15 v3.1.9a (3.1.9a)

(C:\Users\mrmar\AppData\Local\Programs\MiKTeX 2.9\tex/generic/pgf/libraries\pgf
libraryplothandlers.code.tex
File: pgflibraryplothandlers.code.tex 2021/05/15 v3.1.9a (3.1.9a)
\pgf@plot@mark@count=\count321
\pgfplotmarksize=\dimen290
)
\tikz@lastx=\dimen291
\tikz@lasty=\dimen292
\tikz@lastxsaved=\dimen293
\tikz@lastysaved=\dimen294
\tikz@lastmovetox=\dimen295
\tikz@lastmovetoy=\dimen296
\tikzleveldistance=\dimen297
\tikzsiblingdistance=\dimen298
\tikz@figbox=\box68
\tikz@figbox@bg=\box69
\tikz@tempbox=\box70
\tikz@tempbox@bg=\box71
\tikztreelevel=\count322
\tikznumberofchildren=\count323
\tikznumberofcurrentchild=\count324
\tikz@fig@count=\count325

(C:\Users\mrmar\AppData\Local\Programs\MiKTeX 2.9\tex/generic/pgf/modules\pgfmo
dulematrix.code.tex
File: pgfmodulematrix.code.tex 2021/05/15 v3.1.9a (3.1.9a)
\pgfmatrixcurrentrow=\count326
\pgfmatrixcurrentcolumn=\count327
\pgf@matrix@numberofcolumns=\count328
)
\tikz@expandcount=\count329

(C:\Users\mrmar\AppData\Local\Programs\MiKTeX 2.9\tex/generic/pgf/frontendlayer
/tikz/libraries\tikzlibrarytopaths.code.tex
File: tikzlibrarytopaths.code.tex 2021/05/15 v3.1.9a (3.1.9a)
)))
(C:\Users\mrmar\AppData\Local\Programs\MiKTeX 2.9\tex/generic/pgfplots\pgfplots
.code.tex
(C:\Users\mrmar\AppData\Local\Programs\MiKTeX 2.9\tex/generic/pgfplots\pgfplots
core.code.tex
\t@pgfplots@toka=\toks49
\t@pgfplots@tokb=\toks50
\t@pgfplots@tokc=\toks51
\pgfplots@tmpa=\dimen299
\c@pgfplots@coordindex=\count330
\c@pgfplots@scanlineindex=\count331

(C:\Users\mrmar\AppData\Local\Programs\MiKTeX 2.9\tex/generic/pgfplots/sys\pgfp
lotssysgeneric.code.tex))
(C:\Users\mrmar\AppData\Local\Programs\MiKTeX 2.9\tex/generic/pgfplots/libs\pgf
plotslibrary.code.tex)
(C:\Users\mrmar\AppData\Local\Programs\MiKTeX 2.9\tex/generic/pgfplots/oldpgfco
mpatib\pgfplotsoldpgfsupp_loader.code.tex
(C:\Users\mrmar\AppData\Local\Programs\MiKTeX 2.9\tex/generic/pgf/libraries\pgf
libraryfpu.code.tex))
(C:\Users\mrmar\AppData\Local\Programs\MiKTeX 2.9\tex/generic/pgfplots/util\pgf
plotsutil.code.tex
(C:\Users\mrmar\AppData\Local\Programs\MiKTeX 2.9\tex/generic/pgfplots/liststru
cture\pgfplotsliststructure.code.tex)
(C:\Users\mrmar\AppData\Local\Programs\MiKTeX 2.9\tex/generic/pgfplots/liststru
cture\pgfplotsliststructureext.code.tex)
(C:\Users\mrmar\AppData\Local\Programs\MiKTeX 2.9\tex/generic/pgfplots/liststru
cture\pgfplotsarray.code.tex
\c@pgfplotsarray@tmp=\count332
)
(C:\Users\mrmar\AppData\Local\Programs\MiKTeX 2.9\tex/generic/pgfplots/liststru
cture\pgfplotsmatrix.code.tex)
(C:\Users\mrmar\AppData\Local\Programs\MiKTeX 2.9\tex/generic/pgfplots/numtable
\pgfplotstableshared.code.tex
\c@pgfplotstable@counta=\count333
\t@pgfplotstable@a=\toks52
)
(C:\Users\mrmar\AppData\Local\Programs\MiKTeX 2.9\tex/generic/pgfplots/liststru
cture\pgfplotsdeque.code.tex)
(C:\Users\mrmar\AppData\Local\Programs\MiKTeX 2.9\tex/generic/pgfplots/util\pgf
plotsbinary.code.tex
(C:\Users\mrmar\AppData\Local\Programs\MiKTeX 2.9\tex/generic/pgfplots/util\pgf
plotsbinary.data.code.tex))
(C:\Users\mrmar\AppData\Local\Programs\MiKTeX 2.9\tex/generic/pgfplots/util\pgf
plotsutil.verb.code.tex)
(C:\Users\mrmar\AppData\Local\Programs\MiKTeX 2.9\tex/generic/pgfplots/libs\pgf
librarypgfplots.surfshading.code.tex
\c@pgfplotslibrarysurf@no=\count334

(C:\Users\mrmar\AppData\Local\Programs\MiKTeX 2.9\tex/generic/pgfplots/sys\pgfl
ibrarypgfplots.surfshading.pgfsys-pdftex.def)))
(C:\Users\mrmar\AppData\Local\Programs\MiKTeX 2.9\tex/generic/pgfplots/util\pgf
plotscolormap.code.tex
(C:\Users\mrmar\AppData\Local\Programs\MiKTeX 2.9\tex/generic/pgfplots/util\pgf
plotscolor.code.tex))
(C:\Users\mrmar\AppData\Local\Programs\MiKTeX 2.9\tex/generic/pgfplots\pgfplots
stackedplots.code.tex)
(C:\Users\mrmar\AppData\Local\Programs\MiKTeX 2.9\tex/generic/pgfplots\pgfplots
plothandlers.code.tex
(C:\Users\mrmar\AppData\Local\Programs\MiKTeX 2.9\tex/generic/pgfplots\pgfplots
meshplothandler.code.tex
(C:\Users\mrmar\AppData\Local\Programs\MiKTeX 2.9\tex/generic/pgfplots\pgfplots
meshplotimage.code.tex)))
(C:\Users\mrmar\AppData\Local\Programs\MiKTeX 2.9\tex/generic/pgfplots\pgfplots
.scaling.code.tex)
(C:\Users\mrmar\AppData\Local\Programs\MiKTeX 2.9\tex/generic/pgfplots\pgfplots
coordprocessing.code.tex)
(C:\Users\mrmar\AppData\Local\Programs\MiKTeX 2.9\tex/generic/pgfplots\pgfplots
.errorbars.code.tex)
(C:\Users\mrmar\AppData\Local\Programs\MiKTeX 2.9\tex/generic/pgfplots\pgfplots
.markers.code.tex)
(C:\Users\mrmar\AppData\Local\Programs\MiKTeX 2.9\tex/generic/pgfplots\pgfplots
ticks.code.tex)
(C:\Users\mrmar\AppData\Local\Programs\MiKTeX 2.9\tex/generic/pgfplots\pgfplots
.paths.code.tex)
(C:\Users\mrmar\AppData\Local\Programs\MiKTeX 2.9\tex/generic/pgf/frontendlayer
/tikz/libraries\tikzlibrarydecorations.code.tex
(C:\Users\mrmar\AppData\Local\Programs\MiKTeX 2.9\tex/generic/pgf/modules\pgfmo
duledecorations.code.tex
\pgfdecoratedcompleteddistance=\dimen300
\pgfdecoratedremainingdistance=\dimen301
\pgfdecoratedinputsegmentcompleteddistance=\dimen302
\pgfdecoratedinputsegmentremainingdistance=\dimen303
\pgf@decorate@distancetomove=\dimen304
\pgf@decorate@repeatstate=\count335
\pgfdecorationsegmentamplitude=\dimen305
\pgfdecorationsegmentlength=\dimen306
)
\tikz@lib@dec@box=\box72
)
(C:\Users\mrmar\AppData\Local\Programs\MiKTeX 2.9\tex/generic/pgf/frontendlayer
/tikz/libraries\tikzlibrarydecorations.pathmorphing.code.tex
(C:\Users\mrmar\AppData\Local\Programs\MiKTeX 2.9\tex/generic/pgf/libraries/dec
orations\pgflibrarydecorations.pathmorphing.code.tex))
(C:\Users\mrmar\AppData\Local\Programs\MiKTeX 2.9\tex/generic/pgf/frontendlayer
/tikz/libraries\tikzlibrarydecorations.pathreplacing.code.tex
(C:\Users\mrmar\AppData\Local\Programs\MiKTeX 2.9\tex/generic/pgf/libraries/dec
orations\pgflibrarydecorations.pathreplacing.code.tex))
(C:\Users\mrmar\AppData\Local\Programs\MiKTeX 2.9\tex/generic/pgfplots/libs\tik
zlibrarypgfplots.contourlua.code.tex)
\pgfplots@numplots=\count336
\pgfplots@xmin@reg=\dimen307
\pgfplots@xmax@reg=\dimen308
\pgfplots@ymin@reg=\dimen309
\pgfplots@ymax@reg=\dimen310
\pgfplots@zmin@reg=\dimen311
\pgfplots@zmax@reg=\dimen312
)
(C:\Users\mrmar\AppData\Local\Programs\MiKTeX 2.9\tex/generic/pgf/frontendlayer
/tikz/libraries\tikzlibraryplotmarks.code.tex
File: tikzlibraryplotmarks.code.tex 2021/05/15 v3.1.9a (3.1.9a)

(C:\Users\mrmar\AppData\Local\Programs\MiKTeX 2.9\tex/generic/pgf/libraries\pgf
libraryplotmarks.code.tex
File: pgflibraryplotmarks.code.tex 2021/05/15 v3.1.9a (3.1.9a)
)))
(C:\Users\mrmar\AppData\Local\Programs\MiKTeX 2.9\tex/latex/titling\titling.sty
Package: titling 2009/09/04 v2.1d maketitle typesetting
\thanksmarkwidth=\skip127
\thanksmargin=\skip128
\droptitle=\skip129
)
(C:\Users\mrmar\AppData\Local\Programs\MiKTeX 2.9\tex/generic/pgfplots/libs\tik
zlibrarypgfplots.external.code.tex
(C:\Users\mrmar\AppData\Local\Programs\MiKTeX 2.9\tex/latex/pgf/frontendlayer/l
ibraries\tikzlibraryexternal.code.tex
(C:\Users\mrmar\AppData\Local\Programs\MiKTeX 2.9\tex/generic/pgf/frontendlayer
/tikz/libraries\tikzexternalshared.code.tex)))
(C:\Users\mrmar\AppData\Local\Programs\MiKTeX 2.9\tex/latex/siunitx\siunitx.sty
Package: siunitx 2021-09-29 v3.0.32 A comprehensive (SI) units package
\l__siunitx_angle_tmp_dim=\dimen313
\l__siunitx_angle_marker_box=\box73
\l__siunitx_angle_unit_box=\box74
\l__siunitx_compound_count_int=\count337

(C:\Users\mrmar\AppData\Local\Programs\MiKTeX 2.9\tex/latex/translations\transl
ations.sty
Package: translations 2021/01/17 v1.10a internationalization of LaTeX2e package
s (CN)
)
\l__siunitx_number_exponent_fixed_int=\count338
\l__siunitx_number_min_decimal_int=\count339
\l__siunitx_number_min_integer_int=\count340
\l__siunitx_number_round_precision_int=\count341
\l__siunitx_number_group_minimum_int=\count342
\l__siunitx_table_tmp_box=\box75
\l__siunitx_table_tmp_dim=\dimen314
\l__siunitx_table_column_width_dim=\dimen315
\l__siunitx_table_integer_box=\box76
\l__siunitx_table_decimal_box=\box77
\l__siunitx_table_before_box=\box78
\l__siunitx_table_after_box=\box79
\l__siunitx_table_before_dim=\dimen316
\l__siunitx_table_carry_dim=\dimen317
\l__siunitx_unit_tmp_int=\count343
\l__siunitx_unit_position_int=\count344
\l__siunitx_unit_total_int=\count345

(C:\Users\mrmar\AppData\Local\Programs\MiKTeX 2.9\tex/latex/l3packages/l3keys2e
\l3keys2e.sty
Package: l3keys2e 2021-08-27 LaTeX2e option processing using LaTeX3 keys
)

Package siunitx Info: Option "separate-uncertainty" has been deprecated in
(siunitx)             this release.
(siunitx)             
(siunitx)             Use "uncertainty-mode = separate" as a replacement.



Package siunitx Warning: Detected the "physics" package:
(siunitx)                Omitting definition of \qty.

(C:\Users\mrmar\AppData\Local\Programs\MiKTeX 2.9\tex/latex/tools\array.sty
Package: array 2021/04/20 v2.5e Tabular extension package (FMi)
\col@sep=\dimen318
\ar@mcellbox=\box80
\extrarowheight=\dimen319
\NC@list=\toks53
\extratabsurround=\skip130
\backup@length=\skip131
\ar@cellbox=\box81
))
(C:\Users\mrmar\AppData\Local\Programs\MiKTeX 2.9\tex/latex/doublestroke\dsfont
.sty
Package: dsfont 1995/08/01 v0.1 Double stroke roman fonts
)
(C:\Users\mrmar\AppData\Local\Programs\MiKTeX 2.9\tex/latex/wasysym\wasysym.sty
Package: wasysym 2020/01/19 v2.4 Wasy-2 symbol support package
\symwasy=\mathgroup6
LaTeX Font Info:    Overwriting symbol font `wasy' in version `bold'
(Font)                  U/wasy/m/n --> U/wasy/b/n on input line 93.
) (C:\Users\mrmar\AppData\Local\Programs\MiKTeX 2.9\tex/latex/cancel\cancel.sty
Package: cancel 2013/04/12 v2.2 Cancel math terms
)
(C:\Users\mrmar\AppData\Local\Programs\MiKTeX 2.9\tex/latex/accents\accents.sty
Package: accents 2006/05/12 v1.4 Math Accent Tools
\cc@skew=\dimen320
\cc@wd=\dimen321
\cc@code=\count346
\cc@group=\count347
\cc@skewchar=\count348
)
\openout3 = `"es Gd.auxlock"'.

) (../math.tex
Package thmtools Info: Key `qed' (with value `')
(thmtools)             is not a known style key.
(thmtools)             Will pass this to every \declaretheorem
(thmtools)             that uses `style=exercise_style' on input line 8.
Package thmtools Info: Key `qed' (with value `')
(thmtools)             is not a known style key.
(thmtools)             Will pass this to every \declaretheorem
(thmtools)             that uses `style=theorem_style' on input line 14.
Package thmtools Info: Key `qed' (with value `')
(thmtools)             is not a known style key.
(thmtools)             Will pass this to every \declaretheorem
(thmtools)             that uses `style=axiom_style' on input line 20.
\c@theorem=\count349
\c@definition=\count350
\c@example=\count351
\c@exercise=\count352
\c@remark=\count353
) (es Gd.aux)
\openout1 = `"es Gd.aux"'.

LaTeX Font Info:    Checking defaults for OML/cmm/m/it on input line 14.
LaTeX Font Info:    ... okay on input line 14.
LaTeX Font Info:    Checking defaults for OMS/cmsy/m/n on input line 14.
LaTeX Font Info:    ... okay on input line 14.
LaTeX Font Info:    Checking defaults for OT1/cmr/m/n on input line 14.
LaTeX Font Info:    ... okay on input line 14.
LaTeX Font Info:    Checking defaults for T1/cmr/m/n on input line 14.
LaTeX Font Info:    ... okay on input line 14.
LaTeX Font Info:    Checking defaults for TS1/cmr/m/n on input line 14.
LaTeX Font Info:    ... okay on input line 14.
LaTeX Font Info:    Checking defaults for OMX/cmex/m/n on input line 14.
LaTeX Font Info:    ... okay on input line 14.
LaTeX Font Info:    Checking defaults for U/cmr/m/n on input line 14.
LaTeX Font Info:    ... okay on input line 14.
LaTeX Font Info:    Checking defaults for PD1/pdf/m/n on input line 14.
LaTeX Font Info:    ... okay on input line 14.
LaTeX Font Info:    Checking defaults for PU/pdf/m/n on input line 14.
LaTeX Font Info:    ... okay on input line 14.
Package hyperref Info: Link coloring OFF on input line 14.

(C:\Users\mrmar\AppData\Local\Programs\MiKTeX 2.9\tex/latex/hyperref\nameref.st
y
Package: nameref 2021-04-02 v2.47 Cross-referencing by name of section

(C:\Users\mrmar\AppData\Local\Programs\MiKTeX 2.9\tex/latex/refcount\refcount.s
ty
Package: refcount 2019/12/15 v3.6 Data extraction from label references (HO)
)
(C:\Users\mrmar\AppData\Local\Programs\MiKTeX 2.9\tex/generic/gettitlestring\ge
ttitlestring.sty
Package: gettitlestring 2019/12/15 v1.6 Cleanup title references (HO)
)
\c@section@level=\count354
)
LaTeX Info: Redefining \ref on input line 14.
LaTeX Info: Redefining \pageref on input line 14.
LaTeX Info: Redefining \nameref on input line 14.
 (es Gd.out) (es Gd.out)
\@outlinefile=\write4
\openout4 = `"es Gd.out"'.


(C:\Users\mrmar\AppData\Local\Programs\MiKTeX 2.9\tex/context/base/mkii\supp-pd
f.mkii
[Loading MPS to PDF converter (version 2006.09.02).]
\scratchcounter=\count355
\scratchdimen=\dimen322
\scratchbox=\box82
\nofMPsegments=\count356
\nofMParguments=\count357
\everyMPshowfont=\toks54
\MPscratchCnt=\count358
\MPscratchDim=\dimen323
\MPnumerator=\count359
\makeMPintoPDFobject=\count360
\everyMPtoPDFconversion=\toks55
)
(C:\Users\mrmar\AppData\Local\Programs\MiKTeX 2.9\tex/latex/epstopdf-pkg\epstop
df-base.sty
Package: epstopdf-base 2020-01-24 v2.11 Base part for package epstopdf
Package epstopdf-base Info: Redefining graphics rule for `.eps' on input line 4
85.

(C:\Users\mrmar\AppData\Local\Programs\MiKTeX 2.9\tex/latex/00miktex\epstopdf-s
ys.cfg
File: epstopdf-sys.cfg 2021/03/18 v2.0 Configuration of epstopdf for MiKTeX
))
Package caption Info: Begin \AtBeginDocument code.
Package caption Info: float package is loaded.
Package caption Info: End \AtBeginDocument code.

*geometry* driver: auto-detecting
*geometry* detected driver: pdftex
*geometry* verbose mode - [ preamble ] result:
* driver: pdftex
* paper: a4paper
* layout: <same size as paper>
* layoutoffset:(h,v)=(0.0pt,0.0pt)
* modes: 
* h-part:(L,W,R)=(85.35826pt, 426.79135pt, 85.35826pt)
* v-part:(T,H,B)=(85.35826pt, 674.33032pt, 85.35826pt)
* \paperwidth=597.50787pt
* \paperheight=845.04684pt
* \textwidth=426.79135pt
* \textheight=674.33032pt
* \oddsidemargin=13.08827pt
* \evensidemargin=13.08827pt
* \topmargin=-23.91173pt
* \headheight=12.0pt
* \headsep=25.0pt
* \topskip=11.0pt
* \footskip=30.0pt
* \marginparwidth=50.0pt
* \marginparsep=10.0pt
* \columnsep=10.0pt
* \skip\footins=10.0pt plus 4.0pt minus 2.0pt
* \hoffset=0.0pt
* \voffset=0.0pt
* \mag=1000
* \@twocolumnfalse
* \@twosidefalse
* \@mparswitchfalse
* \@reversemarginfalse
* (1in=72.27pt=25.4mm, 1cm=28.453pt)

LaTeX Info: Redefining \it@ocap on input line 14.
LaTeX Info: Redefining \it@ccap on input line 14.

Package pgfplots Warning: running in backwards compatibility mode (unsuitable t
ick labels; missing features). Consider writing \pgfplotsset{compat=1.18} into 
your preamble.
 on input line 14.

Package translations Info: no dictionary file `translations-basic-dictionary-it
alian.trsl' found. on input line 14.
LaTeX Font Info:    Trying to load font information for U+msa on input line 15.

(C:\Users\mrmar\AppData\Local\Programs\MiKTeX 2.9\tex/latex/amsfonts\umsa.fd
File: umsa.fd 2013/01/14 v3.01 AMS symbols A
)
LaTeX Font Info:    Trying to load font information for U+msb on input line 15.


(C:\Users\mrmar\AppData\Local\Programs\MiKTeX 2.9\tex/latex/amsfonts\umsb.fd
File: umsb.fd 2013/01/14 v3.01 AMS symbols B
)
LaTeX Font Info:    Trying to load font information for U+wasy on input line 15
.

(C:\Users\mrmar\AppData\Local\Programs\MiKTeX 2.9\tex/latex/wasysym\uwasy.fd
File: uwasy.fd 2020/01/19 v2.4 Wasy-2 symbol font definitions
)
[1

{C:/Users/mrmar/AppData/Local/MiKTeX/2.9/pdftex/config/pdftex.map}]
<../img/sin1x.pdf, id=36, 433.62pt x 289.08pt>
File: ../img/sin1x.pdf Graphic file (type pdf)
<use ../img/sin1x.pdf>
Package pdftex.def Info: ../img/sin1x.pdf  used on input line 63.
(pdftex.def)             Requested size: 346.89647pt x 231.2643pt.
 [2 <../img/sin1x.pdf>] (es Gd.aux)
Package rerunfilecheck Info: File `"es Gd".out' has not changed.
(rerunfilecheck)             Checksum: D41D8CD98F00B204E9800998ECF8427E;0.
 ) 
Here is how much of TeX's memory you used:
 40732 strings out of 478893
 942947 string characters out of 2849009
 1331441 words of memory out of 3000000
 57924 multiletter control sequences out of 15000+600000
 420632 words of font info for 77 fonts, out of 8000000 for 9000
 1141 hyphenation exceptions out of 8191
 104i,11n,100p,746b,840s stack positions out of 5000i,500n,10000p,200000b,80000s
pdfTeX warning (dest): name{Hfootnote.1} has been referenced but does not exi
st, replaced by a fixed one

{C:/Users/mrmar/AppData/Local/Programs/MiKTeX 2.9/fonts/enc/dvips/cm-super/cm-s
uper-t1.enc}{C:/Users/mrmar/AppData/Local/Programs/MiKTeX 2.9/fonts/enc/dvips/c
m-super/cm-super-ts1.enc}<C:/Users/mrmar/AppData/Local/Programs/MiKTeX 2.9/font
s/type1/public/amsfonts/cm/cmex10.pfb><C:/Users/mrmar/AppData/Local/Programs/Mi
KTeX 2.9/fonts/type1/public/amsfonts/cm/cmmi10.pfb><C:/Users/mrmar/AppData/Loca
l/Programs/MiKTeX 2.9/fonts/type1/public/amsfonts/cm/cmmi8.pfb><C:/Users/mrmar/
AppData/Local/Programs/MiKTeX 2.9/fonts/type1/public/amsfonts/cm/cmr10.pfb><C:/
Users/mrmar/AppData/Local/Programs/MiKTeX 2.9/fonts/type1/public/amsfonts/cm/cm
r8.pfb><C:/Users/mrmar/AppData/Local/Programs/MiKTeX 2.9/fonts/type1/public/ams
fonts/cm/cmsy10.pfb><C:/Users/mrmar/AppData/Local/Programs/MiKTeX 2.9/fonts/typ
e1/public/amsfonts/cm/cmsy8.pfb><C:/Users/mrmar/AppData/Local/Programs/MiKTeX 2
.9/fonts/type1/public/amsfonts/symbols/msbm10.pfb><C:/Users/mrmar/AppData/Local
/Programs/MiKTeX 2.9/fonts/type1/public/cm-super/sfbx1440.pfb><C:/Users/mrmar/A
ppData/Local/Programs/MiKTeX 2.9/fonts/type1/public/cm-super/sfrm0600.pfb><C:/U
sers/mrmar/AppData/Local/Programs/MiKTeX 2.9/fonts/type1/public/cm-super/sfrm08
00.pfb><C:/Users/mrmar/AppData/Local/Programs/MiKTeX 2.9/fonts/type1/public/cm-
super/sfrm0900.pfb><C:/Users/mrmar/AppData/Local/Programs/MiKTeX 2.9/fonts/type
1/public/cm-super/sfrm1095.pfb><C:/Users/mrmar/AppData/Local/Programs/MiKTeX 2.
9/fonts/type1/public/cm-super/sfrm1200.pfb><C:/Users/mrmar/AppData/Local/Progra
ms/MiKTeX 2.9/fonts/type1/public/cm-super/sfrm1728.pfb><C:/Users/mrmar/AppData/
Local/Programs/MiKTeX 2.9/fonts/type1/public/cm-super/sfti1095.pfb>
Output written on "es Gd.pdf" (2 pages, 268459 bytes).
PDF statistics:
 131 PDF objects out of 1000 (max. 8388607)
 14 named destinations out of 1000 (max. 500000)
 18 words of extra memory for PDF output out of 10000 (max. 10000000)

